# JRE version: OpenJDK Runtime Environment (8.0_202-b03) (build 1.8.0_202-release-1483-b03)
# Java VM: OpenJDK 64-Bit Server VM (25.202-b03 mixed mode windows-amd64 compressed oops)
Heap:
 PSYoungGen      total 57344K, used 24496K [0x0000000780800000, 0x0000000787800000, 0x00000007c0000000)
  eden space 49152K, 49% used [0x0000000780800000,0x0000000781fec260,0x0000000783800000)
  from space 8192K, 0% used [0x0000000784000000,0x0000000784000000,0x0000000784800000)
  to   space 8192K, 0% used [0x0000000783800000,0x0000000783800000,0x0000000784000000)
 ParOldGen       total 95232K, used 11515K [0x0000000701800000, 0x0000000707500000, 0x0000000780800000)
  object space 95232K, 12% used [0x0000000701800000,0x000000070233ee10,0x0000000707500000)
 Metaspace       used 22827K, capacity 23268K, committed 23344K, reserved 1069056K
  class space    used 2748K, capacity 2898K, committed 2944K, reserved 1048576K
GC Heap History (6 events):
Event: 1.403 GC heap before
{Heap before GC invocations=1 (full 0):
 PSYoungGen      total 57344K, used 49152K [0x0000000780800000, 0x0000000784800000, 0x00000007c0000000)
  eden space 49152K, 100% used [0x0000000780800000,0x0000000783800000,0x0000000783800000)
  from space 8192K, 0% used [0x0000000784000000,0x0000000784000000,0x0000000784800000)
  to   space 8192K, 0% used [0x0000000783800000,0x0000000783800000,0x0000000784000000)
 ParOldGen       total 131072K, used 0K [0x0000000701800000, 0x0000000709800000, 0x0000000780800000)
  object space 131072K, 0% used [0x0000000701800000,0x0000000701800000,0x0000000709800000)
 Metaspace       used 12484K, capacity 12748K, committed 13056K, reserved 1060864K
  class space    used 1393K, capacity 1466K, committed 1536K, reserved 1048576K
Event: 1.418 GC heap after
Heap after GC invocations=1 (full 0):
 PSYoungGen      total 57344K, used 8188K [0x0000000780800000, 0x0000000784800000, 0x00000007c0000000)
  eden space 49152K, 0% used [0x0000000780800000,0x0000000780800000,0x0000000783800000)
  from space 8192K, 99% used [0x0000000783800000,0x0000000783fff2b8,0x0000000784000000)
  to   space 8192K, 0% used [0x0000000784000000,0x0000000784000000,0x0000000784800000)
 ParOldGen       total 131072K, used 3434K [0x0000000701800000, 0x0000000709800000, 0x0000000780800000)
  object space 131072K, 2% used [0x0000000701800000,0x0000000701b5ab90,0x0000000709800000)
 Metaspace       used 12484K, capacity 12748K, committed 13056K, reserved 1060864K
  class space    used 1393K, capacity 1466K, committed 1536K, reserved 1048576K
}
Event: 2.198 GC heap before
{Heap before GC invocations=2 (full 0):
 PSYoungGen      total 57344K, used 41156K [0x0000000780800000, 0x0000000784800000, 0x00000007c0000000)
  eden space 49152K, 67% used [0x0000000780800000,0x0000000782832048,0x0000000783800000)
  from space 8192K, 99% used [0x0000000783800000,0x0000000783fff2b8,0x0000000784000000)
  to   space 8192K, 0% used [0x0000000784000000,0x0000000784000000,0x0000000784800000)
 ParOldGen       total 131072K, used 3434K [0x0000000701800000, 0x0000000709800000, 0x0000000780800000)
  object space 131072K, 2% used [0x0000000701800000,0x0000000701b5ab90,0x0000000709800000)
 Metaspace       used 20756K, capacity 21142K, committed 21296K, reserved 1069056K
  class space    used 2470K, capacity 2629K, committed 2688K, reserved 1048576K
Event: 2.212 GC heap after
Heap after GC invocations=2 (full 0):
 PSYoungGen      total 57344K, used 8162K [0x0000000780800000, 0x0000000787800000, 0x00000007c0000000)
  eden space 49152K, 0% used [0x0000000780800000,0x0000000780800000,0x0000000783800000)
  from space 8192K, 99% used [0x0000000784000000,0x00000007847f88e8,0x0000000784800000)
  to   space 8192K, 0% used [0x0000000783800000,0x0000000783800000,0x0000000784000000)
 ParOldGen       total 131072K, used 7270K [0x0000000701800000, 0x0000000709800000, 0x0000000780800000)
  object space 131072K, 5% used [0x0000000701800000,0x0000000701f19b60,0x0000000709800000)
 Metaspace       used 20756K, capacity 21142K, committed 21296K, reserved 1069056K
  class space    used 2470K, capacity 2629K, committed 2688K, reserved 1048576K
}
Event: 2.212 GC heap before
{Heap before GC invocations=3 (full 1):
 PSYoungGen      total 57344K, used 8162K [0x0000000780800000, 0x0000000787800000, 0x00000007c0000000)
  eden space 49152K, 0% used [0x0000000780800000,0x0000000780800000,0x0000000783800000)
  from space 8192K, 99% used [0x0000000784000000,0x00000007847f88e8,0x0000000784800000)
  to   space 8192K, 0% used [0x0000000783800000,0x0000000783800000,0x0000000784000000)
 ParOldGen       total 131072K, used 7270K [0x0000000701800000, 0x0000000709800000, 0x0000000780800000)
  object space 131072K, 5% used [0x0000000701800000,0x0000000701f19b60,0x0000000709800000)
 Metaspace       used 20756K, capacity 21142K, committed 21296K, reserved 1069056K
  class space    used 2470K, capacity 2629K, committed 2688K, reserved 1048576K
Event: 2.261 GC heap after
Heap after GC invocations=3 (full 1):
 PSYoungGen      total 57344K, used 0K [0x0000000780800000, 0x0000000787800000, 0x00000007c0000000)
  eden space 49152K, 0% used [0x0000000780800000,0x0000000780800000,0x0000000783800000)
  from space 8192K, 0% used [0x0000000784000000,0x0000000784000000,0x0000000784800000)
  to   space 8192K, 0% used [0x0000000783800000,0x0000000783800000,0x0000000784000000)
 ParOldGen       total 95232K, used 11515K [0x0000000701800000, 0x0000000707500000, 0x0000000780800000)
  object space 95232K, 12% used [0x0000000701800000,0x000000070233ee10,0x0000000707500000)
 Metaspace       used 20756K, capacity 21142K, committed 21296K, reserved 1069056K
  class space    used 2470K, capacity 2629K, committed 2688K, reserved 1048576K
}

