# JRE version: OpenJDK Runtime Environment (8.0_202-b03) (build 1.8.0_202-release-1483-b03)
# Java VM: OpenJDK 64-Bit Server VM (25.202-b03 mixed mode windows-amd64 compressed oops)
Heap:
 PSYoungGen      total 57344K, used 37014K [0x0000000780800000, 0x0000000787800000, 0x00000007c0000000)
  eden space 49152K, 75% used [0x0000000780800000,0x0000000782c258e0,0x0000000783800000)
  from space 8192K, 0% used [0x0000000784000000,0x0000000784000000,0x0000000784800000)
  to   space 8192K, 0% used [0x0000000783800000,0x0000000783800000,0x0000000784000000)
 ParOldGen       total 90624K, used 11433K [0x0000000701800000, 0x0000000707080000, 0x0000000780800000)
  object space 90624K, 12% used [0x0000000701800000,0x000000070232a580,0x0000000707080000)
 Metaspace       used 24913K, capacity 25390K, committed 25728K, reserved 1071104K
  class space    used 2965K, capacity 3125K, committed 3200K, reserved 1048576K
GC Heap History (6 events):
Event: 2.955 GC heap before
{Heap before GC invocations=1 (full 0):
 PSYoungGen      total 57344K, used 49152K [0x0000000780800000, 0x0000000784800000, 0x00000007c0000000)
  eden space 49152K, 100% used [0x0000000780800000,0x0000000783800000,0x0000000783800000)
  from space 8192K, 0% used [0x0000000784000000,0x0000000784000000,0x0000000784800000)
  to   space 8192K, 0% used [0x0000000783800000,0x0000000783800000,0x0000000784000000)
 ParOldGen       total 131072K, used 0K [0x0000000701800000, 0x0000000709800000, 0x0000000780800000)
  object space 131072K, 0% used [0x0000000701800000,0x0000000701800000,0x0000000709800000)
 Metaspace       used 12560K, capacity 12816K, committed 13056K, reserved 1060864K
  class space    used 1393K, capacity 1466K, committed 1536K, reserved 1048576K
Event: 2.985 GC heap after
Heap after GC invocations=1 (full 0):
 PSYoungGen      total 57344K, used 8182K [0x0000000780800000, 0x0000000784800000, 0x00000007c0000000)
  eden space 49152K, 0% used [0x0000000780800000,0x0000000780800000,0x0000000783800000)
  from space 8192K, 99% used [0x0000000783800000,0x0000000783ffdb08,0x0000000784000000)
  to   space 8192K, 0% used [0x0000000784000000,0x0000000784000000,0x0000000784800000)
 ParOldGen       total 131072K, used 3483K [0x0000000701800000, 0x0000000709800000, 0x0000000780800000)
  object space 131072K, 2% used [0x0000000701800000,0x0000000701b66ee0,0x0000000709800000)
 Metaspace       used 12560K, capacity 12816K, committed 13056K, reserved 1060864K
  class space    used 1393K, capacity 1466K, committed 1536K, reserved 1048576K
}
Event: 5.351 GC heap before
{Heap before GC invocations=2 (full 0):
 PSYoungGen      total 57344K, used 41039K [0x0000000780800000, 0x0000000784800000, 0x00000007c0000000)
  eden space 49152K, 66% used [0x0000000780800000,0x00000007828163f8,0x0000000783800000)
  from space 8192K, 99% used [0x0000000783800000,0x0000000783ffdb08,0x0000000784000000)
  to   space 8192K, 0% used [0x0000000784000000,0x0000000784000000,0x0000000784800000)
 ParOldGen       total 131072K, used 3483K [0x0000000701800000, 0x0000000709800000, 0x0000000780800000)
  object space 131072K, 2% used [0x0000000701800000,0x0000000701b66ee0,0x0000000709800000)
 Metaspace       used 20727K, capacity 21144K, committed 21296K, reserved 1069056K
  class space    used 2454K, capacity 2628K, committed 2688K, reserved 1048576K
Event: 5.397 GC heap after
Heap after GC invocations=2 (full 0):
 PSYoungGen      total 57344K, used 8162K [0x0000000780800000, 0x0000000787800000, 0x00000007c0000000)
  eden space 49152K, 0% used [0x0000000780800000,0x0000000780800000,0x0000000783800000)
  from space 8192K, 99% used [0x0000000784000000,0x00000007847f8918,0x0000000784800000)
  to   space 8192K, 0% used [0x0000000783800000,0x0000000783800000,0x0000000784000000)
 ParOldGen       total 131072K, used 7150K [0x0000000701800000, 0x0000000709800000, 0x0000000780800000)
  object space 131072K, 5% used [0x0000000701800000,0x0000000701efb8a0,0x0000000709800000)
 Metaspace       used 20727K, capacity 21144K, committed 21296K, reserved 1069056K
  class space    used 2454K, capacity 2628K, committed 2688K, reserved 1048576K
}
Event: 5.397 GC heap before
{Heap before GC invocations=3 (full 1):
 PSYoungGen      total 57344K, used 8162K [0x0000000780800000, 0x0000000787800000, 0x00000007c0000000)
  eden space 49152K, 0% used [0x0000000780800000,0x0000000780800000,0x0000000783800000)
  from space 8192K, 99% used [0x0000000784000000,0x00000007847f8918,0x0000000784800000)
  to   space 8192K, 0% used [0x0000000783800000,0x0000000783800000,0x0000000784000000)
 ParOldGen       total 131072K, used 7150K [0x0000000701800000, 0x0000000709800000, 0x0000000780800000)
  object space 131072K, 5% used [0x0000000701800000,0x0000000701efb8a0,0x0000000709800000)
 Metaspace       used 20727K, capacity 21144K, committed 21296K, reserved 1069056K
  class space    used 2454K, capacity 2628K, committed 2688K, reserved 1048576K
Event: 5.486 GC heap after
Heap after GC invocations=3 (full 1):
 PSYoungGen      total 57344K, used 0K [0x0000000780800000, 0x0000000787800000, 0x00000007c0000000)
  eden space 49152K, 0% used [0x0000000780800000,0x0000000780800000,0x0000000783800000)
  from space 8192K, 0% used [0x0000000784000000,0x0000000784000000,0x0000000784800000)
  to   space 8192K, 0% used [0x0000000783800000,0x0000000783800000,0x0000000784000000)
 ParOldGen       total 90624K, used 11433K [0x0000000701800000, 0x0000000707080000, 0x0000000780800000)
  object space 90624K, 12% used [0x0000000701800000,0x000000070232a580,0x0000000707080000)
 Metaspace       used 20727K, capacity 21144K, committed 21296K, reserved 1069056K
  class space    used 2454K, capacity 2628K, committed 2688K, reserved 1048576K
}

